<?xml version="1.0" encoding="UTF-8" ?>
<testsuite tests="10" failures="0" name="gov.cdc.sdp.cbr.HL7V2BatchSplitterTest" time="0.072" errors="0" skipped="0">
  <properties>
[...]
</properties>
  <testcase classname="gov.cdc.sdp.cbr.HL7V2BatchSplitterTest" name="missingFHSTest" time="0"/>
  <testcase classname="gov.cdc.sdp.cbr.HL7V2BatchSplitterTest" name="missingFTSTest" time="0.016"/>
  <testcase classname="gov.cdc.sdp.cbr.HL7V2BatchSplitterTest" name="malformedFHSTest" time="0.016"/>
  <testcase classname="gov.cdc.sdp.cbr.HL7V2BatchSplitterTest" name="mshProblems" time="0.012"/>
  <testcase classname="gov.cdc.sdp.cbr.HL7V2BatchSplitterTest" name="missingBHSTest" time="0.004"/>
  <testcase classname="gov.cdc.sdp.cbr.HL7V2BatchSplitterTest" name="malformedFTSTest" time="0.004"/>
  <testcase classname="gov.cdc.sdp.cbr.HL7V2BatchSplitterTest" name="missingBTSTest" time="0.004"/>
  <testcase classname="gov.cdc.sdp.cbr.HL7V2BatchSplitterTest" name="malformedBHSTest" time="0.004"/>
  <testcase classname="gov.cdc.sdp.cbr.HL7V2BatchSplitterTest" name="malformedBTSTest" time="0.008"/>
  <testcase classname="gov.cdc.sdp.cbr.HL7V2BatchSplitterTest" name="validBatchTest" time="0.004"/>
</testsuite>